This is pdfTeX, Version 3.1415926-2.3-1.40.12 (MiKTeX 2.9) (preloaded format=latex 2015.4.13)  13 APR 2015 19:46
entering extended mode
**chinese.tex
(H:\bare_adv\chinese.tex
LaTeX2e <2011/06/27>
Babel <v3.8m> and hyphenation patterns for loaded.
("D:\Program Files (x86)\CTEX\MiKTeX\tex\latex\base\article.cls"
Document Class: article 2007/10/19 v1.4h Standard LaTeX document class
("D:\Program Files (x86)\CTEX\MiKTeX\tex\latex\base\size10.clo"
File: size10.clo 2007/10/19 v1.4h Standard LaTeX file (size option)
)
\c@part=\count79
\c@section=\count80
\c@subsection=\count81
\c@subsubsection=\count82
\c@paragraph=\count83
\c@subparagraph=\count84
\c@figure=\count85
\c@table=\count86
\abovecaptionskip=\skip41
\belowcaptionskip=\skip42
\bibindent=\dimen102
)
("D:\Program Files (x86)\CTEX\MiKTeX\tex\latex\listings\listings.sty"
("D:\Program Files (x86)\CTEX\MiKTeX\tex\latex\graphics\keyval.sty"
Package: keyval 1999/03/16 v1.13 key=value parser (DPC)
\KV@toks@=\toks14
)
\lst@mode=\count87
\lst@gtempboxa=\box26
\lst@token=\toks15
\lst@length=\count88
\lst@currlwidth=\dimen103
\lst@column=\count89
\lst@pos=\count90
\lst@lostspace=\dimen104
\lst@width=\dimen105
\lst@newlines=\count91
\lst@lineno=\count92
\lst@maxwidth=\dimen106

("D:\Program Files (x86)\CTEX\MiKTeX\tex\latex\listings\lstmisc.sty"
File: lstmisc.sty 2007/02/22 1.4 (Carsten Heinz)
\c@lstnumber=\count93
\lst@skipnumbers=\count94
\lst@framebox=\box27
)
("D:\Program Files (x86)\CTEX\MiKTeX\tex\latex\listings\listings.cfg"
File: listings.cfg 2007/02/22 1.4 listings configuration
))
Package: listings 2007/02/22 1.4 (Carsten Heinz)

("D:\Program Files (x86)\CTEX\MiKTeX\tex\latex\xcolor\xcolor.sty"
Package: xcolor 2007/01/21 v2.11 LaTeX color extensions (UK)

("D:\Program Files (x86)\CTEX\MiKTeX\tex\latex\00miktex\color.cfg"
File: color.cfg 2007/01/18 v1.5 color configuration of teTeX/TeXLive
)
Package xcolor Info: Driver file: dvips.def on input line 225.

("D:\Program Files (x86)\CTEX\MiKTeX\tex\latex\graphics\dvips.def"
File: dvips.def 1999/02/16 v3.0i Driver-dependant file (DPC,SPQR)
)
Package xcolor Info: Model `cmy' substituted by `cmy0' on input line 1337.
Package xcolor Info: Model `RGB' extended on input line 1353.
Package xcolor Info: Model `HTML' substituted by `rgb' on input line 1355.
Package xcolor Info: Model `Hsb' substituted by `hsb' on input line 1356.
Package xcolor Info: Model `tHsb' substituted by `hsb' on input line 1357.
Package xcolor Info: Model `HSB' substituted by `hsb' on input line 1358.
Package xcolor Info: Model `Gray' substituted by `gray' on input line 1359.
Package xcolor Info: Model `wave' substituted by `hsb' on input line 1360.
)
("D:\Program Files (x86)\CTEX\MiKTeX\tex\latex\tools\enumerate.sty"
Package: enumerate 1999/03/05 v3.00 enumerate extensions (DPC)
\@enLab=\toks16
)
("D:\Program Files (x86)\CTEX\MiKTeX\tex\latex\cjk\CJKutf8.sty"
Package: CJKutf8 2008/12/29 4.8.2

("D:\Program Files (x86)\CTEX\MiKTeX\tex\generic\oberdiek\ifpdf.sty"
Package: ifpdf 2011/01/30 v2.3 Provides the ifpdf switch (HO)
Package ifpdf Info: pdfTeX in PDF mode is not detected.
)
("D:\Program Files (x86)\CTEX\MiKTeX\tex\latex\base\inputenc.sty"
Package: inputenc 2008/03/30 v1.1d Input encoding file
\inpenc@prehook=\toks17
\inpenc@posthook=\toks18

("D:\Program Files (x86)\CTEX\MiKTeX\tex\latex\base\utf8.def"
File: utf8.def 2008/04/05 v1.1m UTF-8 support for inputenc
Now handling font encoding OML ...
... no UTF-8 mapping file for font encoding OML
Now handling font encoding T1 ...
... processing UTF-8 mapping file for font encoding T1

("D:\Program Files (x86)\CTEX\MiKTeX\tex\latex\base\t1enc.dfu"
File: t1enc.dfu 2008/04/05 v1.1m UTF-8 support for inputenc
   defining Unicode char U+00A1 (decimal 161)
   defining Unicode char U+00A3 (decimal 163)
   defining Unicode char U+00AB (decimal 171)
   defining Unicode char U+00BB (decimal 187)
   defining Unicode char U+00BF (decimal 191)
   defining Unicode char U+00C0 (decimal 192)
   defining Unicode char U+00C1 (decimal 193)
   defining Unicode char U+00C2 (decimal 194)
   defining Unicode char U+00C3 (decimal 195)
   defining Unicode char U+00C4 (decimal 196)
   defining Unicode char U+00C5 (decimal 197)
   defining Unicode char U+00C6 (decimal 198)
   defining Unicode char U+00C7 (decimal 199)
   defining Unicode char U+00C8 (decimal 200)
   defining Unicode char U+00C9 (decimal 201)
   defining Unicode char U+00CA (decimal 202)
   defining Unicode char U+00CB (decimal 203)
   defining Unicode char U+00CC (decimal 204)
   defining Unicode char U+00CD (decimal 205)
   defining Unicode char U+00CE (decimal 206)
   defining Unicode char U+00CF (decimal 207)
   defining Unicode char U+00D0 (decimal 208)
   defining Unicode char U+00D1 (decimal 209)
   defining Unicode char U+00D2 (decimal 210)
   defining Unicode char U+00D3 (decimal 211)
   defining Unicode char U+00D4 (decimal 212)
   defining Unicode char U+00D5 (decimal 213)
   defining Unicode char U+00D6 (decimal 214)
   defining Unicode char U+00D8 (decimal 216)
   defining Unicode char U+00D9 (decimal 217)
   defining Unicode char U+00DA (decimal 218)
   defining Unicode char U+00DB (decimal 219)
   defining Unicode char U+00DC (decimal 220)
   defining Unicode char U+00DD (decimal 221)
   defining Unicode char U+00DE (decimal 222)
   defining Unicode char U+00DF (decimal 223)
   defining Unicode char U+00E0 (decimal 224)
   defining Unicode char U+00E1 (decimal 225)
   defining Unicode char U+00E2 (decimal 226)
   defining Unicode char U+00E3 (decimal 227)
   defining Unicode char U+00E4 (decimal 228)
   defining Unicode char U+00E5 (decimal 229)
   defining Unicode char U+00E6 (decimal 230)
   defining Unicode char U+00E7 (decimal 231)
   defining Unicode char U+00E8 (decimal 232)
   defining Unicode char U+00E9 (decimal 233)
   defining Unicode char U+00EA (decimal 234)
   defining Unicode char U+00EB (decimal 235)
   defining Unicode char U+00EC (decimal 236)
   defining Unicode char U+00ED (decimal 237)
   defining Unicode char U+00EE (decimal 238)
   defining Unicode char U+00EF (decimal 239)
   defining Unicode char U+00F0 (decimal 240)
   defining Unicode char U+00F1 (decimal 241)
   defining Unicode char U+00F2 (decimal 242)
   defining Unicode char U+00F3 (decimal 243)
   defining Unicode char U+00F4 (decimal 244)
   defining Unicode char U+00F5 (decimal 245)
   defining Unicode char U+00F6 (decimal 246)
   defining Unicode char U+00F8 (decimal 248)
   defining Unicode char U+00F9 (decimal 249)
   defining Unicode char U+00FA (decimal 250)
   defining Unicode char U+00FB (decimal 251)
   defining Unicode char U+00FC (decimal 252)
   defining Unicode char U+00FD (decimal 253)
   defining Unicode char U+00FE (decimal 254)
   defining Unicode char U+00FF (decimal 255)
   defining Unicode char U+0102 (decimal 258)
   defining Unicode char U+0103 (decimal 259)
   defining Unicode char U+0104 (decimal 260)
   defining Unicode char U+0105 (decimal 261)
   defining Unicode char U+0106 (decimal 262)
   defining Unicode char U+0107 (decimal 263)
   defining Unicode char U+010C (decimal 268)
   defining Unicode char U+010D (decimal 269)
   defining Unicode char U+010E (decimal 270)
   defining Unicode char U+010F (decimal 271)
   defining Unicode char U+0110 (decimal 272)
   defining Unicode char U+0111 (decimal 273)
   defining Unicode char U+0118 (decimal 280)
   defining Unicode char U+0119 (decimal 281)
   defining Unicode char U+011A (decimal 282)
   defining Unicode char U+011B (decimal 283)
   defining Unicode char U+011E (decimal 286)
   defining Unicode char U+011F (decimal 287)
   defining Unicode char U+0130 (decimal 304)
   defining Unicode char U+0131 (decimal 305)
   defining Unicode char U+0132 (decimal 306)
   defining Unicode char U+0133 (decimal 307)
   defining Unicode char U+0139 (decimal 313)
   defining Unicode char U+013A (decimal 314)
   defining Unicode char U+013D (decimal 317)
   defining Unicode char U+013E (decimal 318)
   defining Unicode char U+0141 (decimal 321)
   defining Unicode char U+0142 (decimal 322)
   defining Unicode char U+0143 (decimal 323)
   defining Unicode char U+0144 (decimal 324)
   defining Unicode char U+0147 (decimal 327)
   defining Unicode char U+0148 (decimal 328)
   defining Unicode char U+014A (decimal 330)
   defining Unicode char U+014B (decimal 331)
   defining Unicode char U+0150 (decimal 336)
   defining Unicode char U+0151 (decimal 337)
   defining Unicode char U+0152 (decimal 338)
   defining Unicode char U+0153 (decimal 339)
   defining Unicode char U+0154 (decimal 340)
   defining Unicode char U+0155 (decimal 341)
   defining Unicode char U+0158 (decimal 344)
   defining Unicode char U+0159 (decimal 345)
   defining Unicode char U+015A (decimal 346)
   defining Unicode char U+015B (decimal 347)
   defining Unicode char U+015E (decimal 350)
   defining Unicode char U+015F (decimal 351)
   defining Unicode char U+0160 (decimal 352)
   defining Unicode char U+0161 (decimal 353)
   defining Unicode char U+0162 (decimal 354)
   defining Unicode char U+0163 (decimal 355)
   defining Unicode char U+0164 (decimal 356)
   defining Unicode char U+0165 (decimal 357)
   defining Unicode char U+016E (decimal 366)
   defining Unicode char U+016F (decimal 367)
   defining Unicode char U+0170 (decimal 368)
   defining Unicode char U+0171 (decimal 369)
   defining Unicode char U+0178 (decimal 376)
   defining Unicode char U+0179 (decimal 377)
   defining Unicode char U+017A (decimal 378)
   defining Unicode char U+017B (decimal 379)
   defining Unicode char U+017C (decimal 380)
   defining Unicode char U+017D (decimal 381)
   defining Unicode char U+017E (decimal 382)
   defining Unicode char U+200C (decimal 8204)
   defining Unicode char U+2013 (decimal 8211)
   defining Unicode char U+2014 (decimal 8212)
   defining Unicode char U+2018 (decimal 8216)
   defining Unicode char U+2019 (decimal 8217)
   defining Unicode char U+201A (decimal 8218)
   defining Unicode char U+201C (decimal 8220)
   defining Unicode char U+201D (decimal 8221)
   defining Unicode char U+201E (decimal 8222)
   defining Unicode char U+2030 (decimal 8240)
   defining Unicode char U+2031 (decimal 8241)
   defining Unicode char U+2039 (decimal 8249)
   defining Unicode char U+203A (decimal 8250)
   defining Unicode char U+2423 (decimal 9251)
)
Now handling font encoding OT1 ...
... processing UTF-8 mapping file for font encoding OT1

("D:\Program Files (x86)\CTEX\MiKTeX\tex\latex\base\ot1enc.dfu"
File: ot1enc.dfu 2008/04/05 v1.1m UTF-8 support for inputenc
   defining Unicode char U+00A1 (decimal 161)
   defining Unicode char U+00A3 (decimal 163)
   defining Unicode char U+00B8 (decimal 184)
   defining Unicode char U+00BF (decimal 191)
   defining Unicode char U+00C5 (decimal 197)
   defining Unicode char U+00C6 (decimal 198)
   defining Unicode char U+00D8 (decimal 216)
   defining Unicode char U+00DF (decimal 223)
   defining Unicode char U+00E6 (decimal 230)
   defining Unicode char U+00EC (decimal 236)
   defining Unicode char U+00ED (decimal 237)
   defining Unicode char U+00EE (decimal 238)
   defining Unicode char U+00EF (decimal 239)
   defining Unicode char U+00F8 (decimal 248)
   defining Unicode char U+0131 (decimal 305)
   defining Unicode char U+0141 (decimal 321)
   defining Unicode char U+0142 (decimal 322)
   defining Unicode char U+0152 (decimal 338)
   defining Unicode char U+0153 (decimal 339)
   defining Unicode char U+2013 (decimal 8211)
   defining Unicode char U+2014 (decimal 8212)
   defining Unicode char U+2018 (decimal 8216)
   defining Unicode char U+2019 (decimal 8217)
   defining Unicode char U+201C (decimal 8220)
   defining Unicode char U+201D (decimal 8221)
)
Now handling font encoding OMS ...
... processing UTF-8 mapping file for font encoding OMS

("D:\Program Files (x86)\CTEX\MiKTeX\tex\latex\base\omsenc.dfu"
File: omsenc.dfu 2008/04/05 v1.1m UTF-8 support for inputenc
   defining Unicode char U+00A7 (decimal 167)
   defining Unicode char U+00B6 (decimal 182)
   defining Unicode char U+00B7 (decimal 183)
   defining Unicode char U+2020 (decimal 8224)
   defining Unicode char U+2021 (decimal 8225)
   defining Unicode char U+2022 (decimal 8226)
)
Now handling font encoding OMX ...
... no UTF-8 mapping file for font encoding OMX
Now handling font encoding U ...
... no UTF-8 mapping file for font encoding U
   defining Unicode char U+00A9 (decimal 169)
   defining Unicode char U+00AA (decimal 170)
   defining Unicode char U+00AE (decimal 174)
   defining Unicode char U+00BA (decimal 186)
   defining Unicode char U+02C6 (decimal 710)
   defining Unicode char U+02DC (decimal 732)
   defining Unicode char U+200C (decimal 8204)
   defining Unicode char U+2026 (decimal 8230)
   defining Unicode char U+2122 (decimal 8482)
   defining Unicode char U+2423 (decimal 9251)
))
("D:\Program Files (x86)\CTEX\MiKTeX\tex\latex\cjk\CJK.sty"
Package: CJK 2008/12/29 4.8.2

("D:\Program Files (x86)\CTEX\MiKTeX\tex\latex\cjk\mule\MULEenc.sty"
Package: MULEenc 2008/12/29 4.8.2
)
("D:\Program Files (x86)\CTEX\MiKTeX\tex\latex\cjk\CJK.enc"
File: CJK.enc 2008/12/29 4.8.2
Now handling font encoding C00 ...
... no UTF-8 mapping file for font encoding C00
Now handling font encoding C05 ...
... no UTF-8 mapping file for font encoding C05
Now handling font encoding C09 ...
... no UTF-8 mapping file for font encoding C09
Now handling font encoding C10 ...
... no UTF-8 mapping file for font encoding C10
Now handling font encoding C20 ...
... no UTF-8 mapping file for font encoding C20
Now handling font encoding C19 ...
... no UTF-8 mapping file for font encoding C19
Now handling font encoding C40 ...
... no UTF-8 mapping file for font encoding C40
Now handling font encoding C42 ...
... no UTF-8 mapping file for font encoding C42
Now handling font encoding C43 ...
... no UTF-8 mapping file for font encoding C43
Now handling font encoding C50 ...
... no UTF-8 mapping file for font encoding C50
Now handling font encoding C52 ...
... no UTF-8 mapping file for font encoding C52
Now handling font encoding C49 ...
... no UTF-8 mapping file for font encoding C49
Now handling font encoding C60 ...
... no UTF-8 mapping file for font encoding C60
Now handling font encoding C61 ...
... no UTF-8 mapping file for font encoding C61
Now handling font encoding C63 ...
... no UTF-8 mapping file for font encoding C63
Now handling font encoding C64 ...
... no UTF-8 mapping file for font encoding C64
Now handling font encoding C65 ...
... no UTF-8 mapping file for font encoding C65
Now handling font encoding C70 ...
... no UTF-8 mapping file for font encoding C70
Now handling font encoding C31 ...
... no UTF-8 mapping file for font encoding C31
Now handling font encoding C32 ...
... no UTF-8 mapping file for font encoding C32
Now handling font encoding C33 ...
... no UTF-8 mapping file for font encoding C33
Now handling font encoding C34 ...
... no UTF-8 mapping file for font encoding C34
Now handling font encoding C35 ...
... no UTF-8 mapping file for font encoding C35
Now handling font encoding C36 ...
... no UTF-8 mapping file for font encoding C36
Now handling font encoding C37 ...
... no UTF-8 mapping file for font encoding C37
Now handling font encoding C80 ...
... no UTF-8 mapping file for font encoding C80
Now handling font encoding C81 ...
... no UTF-8 mapping file for font encoding C81
Now handling font encoding C01 ...
... no UTF-8 mapping file for font encoding C01
Now handling font encoding C11 ...
... no UTF-8 mapping file for font encoding C11
Now handling font encoding C21 ...
... no UTF-8 mapping file for font encoding C21
Now handling font encoding C41 ...
... no UTF-8 mapping file for font encoding C41
Now handling font encoding C62 ...
... no UTF-8 mapping file for font encoding C62
)
LaTeX Info: Redefining \selectfont on input line 756.
\CJK@indent=\box28
)
("D:\Program Files (x86)\CTEX\MiKTeX\tex\latex\base\fontenc.sty"
Package: fontenc 2005/09/27 v1.99g Standard LaTeX package
))
("D:\Program Files (x86)\CTEX\MiKTeX\tex\latex\pgf\frontendlayer\tikz.sty"
("D:\Program Files (x86)\CTEX\MiKTeX\tex\latex\pgf\basiclayer\pgf.sty"
("D:\Program Files (x86)\CTEX\MiKTeX\tex\latex\pgf\utilities\pgfrcs.sty"
("D:\Program Files (x86)\CTEX\MiKTeX\tex\generic\pgf\utilities\pgfutil-common.t
ex"
\pgfutil@everybye=\toks19
)
("D:\Program Files (x86)\CTEX\MiKTeX\tex\generic\pgf\utilities\pgfutil-latex.de
f"
\pgfutil@abb=\box29
 ("D:\Program Files (x86)\CTEX\MiKTeX\tex\latex\ms\everyshi.sty"
Package: everyshi 2001/05/15 v3.00 EveryShipout Package (MS)
))
("D:\Program Files (x86)\CTEX\MiKTeX\tex\generic\pgf\utilities\pgfrcs.code.tex"
Package: pgfrcs 2010/10/25 v2.10 (rcs-revision 1.24)
))
Package: pgf 2008/01/15 v2.10 (rcs-revision 1.12)
 ("D:\Program Files (x86)\CTEX\MiKTeX\tex\latex\pgf\basiclayer\pgfcore.sty"
("D:\Program Files (x86)\CTEX\MiKTeX\tex\latex\graphics\graphicx.sty"
Package: graphicx 1999/02/16 v1.0f Enhanced LaTeX Graphics (DPC,SPQR)

("D:\Program Files (x86)\CTEX\MiKTeX\tex\latex\graphics\graphics.sty"
Package: graphics 2009/02/05 v1.0o Standard LaTeX Graphics (DPC,SPQR)

("D:\Program Files (x86)\CTEX\MiKTeX\tex\latex\graphics\trig.sty"
Package: trig 1999/03/16 v1.09 sin cos tan (DPC)
)
("D:\Program Files (x86)\CTEX\MiKTeX\tex\latex\00miktex\graphics.cfg"
File: graphics.cfg 2007/01/18 v1.5 graphics configuration of teTeX/TeXLive
)
Package graphics Info: Driver file: dvips.def on input line 91.
)
\Gin@req@height=\dimen107
\Gin@req@width=\dimen108
)
("D:\Program Files (x86)\CTEX\MiKTeX\tex\latex\pgf\systemlayer\pgfsys.sty"
("D:\Program Files (x86)\CTEX\MiKTeX\tex\generic\pgf\systemlayer\pgfsys.code.te
x"
Package: pgfsys 2010/06/30 v2.10 (rcs-revision 1.37)

("D:\Program Files (x86)\CTEX\MiKTeX\tex\generic\pgf\utilities\pgfkeys.code.tex
"
\pgfkeys@pathtoks=\toks20
\pgfkeys@temptoks=\toks21

("D:\Program Files (x86)\CTEX\MiKTeX\tex\generic\pgf\utilities\pgfkeysfiltered.
code.tex"
\pgfkeys@tmptoks=\toks22
))
\pgf@x=\dimen109
\pgf@y=\dimen110
\pgf@xa=\dimen111
\pgf@ya=\dimen112
\pgf@xb=\dimen113
\pgf@yb=\dimen114
\pgf@xc=\dimen115
\pgf@yc=\dimen116
\w@pgf@writea=\write3
\r@pgf@reada=\read1
\c@pgf@counta=\count95
\c@pgf@countb=\count96
\c@pgf@countc=\count97
\c@pgf@countd=\count98

("D:\Program Files (x86)\CTEX\MiKTeX\tex\generic\pgf\systemlayer\pgf.cfg"
File: pgf.cfg 2008/05/14  (rcs-revision 1.7)
)
Package pgfsys Info: Driver file for pgf: pgfsys-dvips.def on input line 900.

("D:\Program Files (x86)\CTEX\MiKTeX\tex\generic\pgf\systemlayer\pgfsys-dvips.d
ef"
File: pgfsys-dvips.def 2008/04/03  (rcs-revision 1.20)

("D:\Program Files (x86)\CTEX\MiKTeX\tex\generic\pgf\systemlayer\pgfsys-common-
postscript.def"
File: pgfsys-common-postscript.def 2008/10/01  (rcs-revision 1.22)
\pgf@objectcount=\count99
)))
("D:\Program Files (x86)\CTEX\MiKTeX\tex\generic\pgf\systemlayer\pgfsyssoftpath
.code.tex"
File: pgfsyssoftpath.code.tex 2008/07/18  (rcs-revision 1.7)
\pgfsyssoftpath@smallbuffer@items=\count100
\pgfsyssoftpath@bigbuffer@items=\count101
)
("D:\Program Files (x86)\CTEX\MiKTeX\tex\generic\pgf\systemlayer\pgfsysprotocol
.code.tex"
File: pgfsysprotocol.code.tex 2006/10/16  (rcs-revision 1.4)
))
("D:\Program Files (x86)\CTEX\MiKTeX\tex\generic\pgf\basiclayer\pgfcore.code.te
x"
Package: pgfcore 2010/04/11 v2.10 (rcs-revision 1.7)
 ("D:\Program Files (x86)\CTEX\MiKTeX\tex\generic\pgf\math\pgfmath.code.tex"
("D:\Program Files (x86)\CTEX\MiKTeX\tex\generic\pgf\math\pgfmathcalc.code.tex"
("D:\Program Files (x86)\CTEX\MiKTeX\tex\generic\pgf\math\pgfmathutil.code.tex"
)
("D:\Program Files (x86)\CTEX\MiKTeX\tex\generic\pgf\math\pgfmathparser.code.te
x"
\pgfmath@dimen=\dimen117
\pgfmath@count=\count102
\pgfmath@box=\box30
\pgfmath@toks=\toks23
\pgfmath@stack@operand=\toks24
\pgfmath@stack@operation=\toks25
)
("D:\Program Files (x86)\CTEX\MiKTeX\tex\generic\pgf\math\pgfmathfunctions.code
.tex"
("D:\Program Files (x86)\CTEX\MiKTeX\tex\generic\pgf\math\pgfmathfunctions.basi
c.code.tex")
("D:\Program Files (x86)\CTEX\MiKTeX\tex\generic\pgf\math\pgfmathfunctions.trig
onometric.code.tex")
("D:\Program Files (x86)\CTEX\MiKTeX\tex\generic\pgf\math\pgfmathfunctions.rand
om.code.tex")
("D:\Program Files (x86)\CTEX\MiKTeX\tex\generic\pgf\math\pgfmathfunctions.comp
arison.code.tex")
("D:\Program Files (x86)\CTEX\MiKTeX\tex\generic\pgf\math\pgfmathfunctions.base
.code.tex")
("D:\Program Files (x86)\CTEX\MiKTeX\tex\generic\pgf\math\pgfmathfunctions.roun
d.code.tex")
("D:\Program Files (x86)\CTEX\MiKTeX\tex\generic\pgf\math\pgfmathfunctions.misc
.code.tex")))
("D:\Program Files (x86)\CTEX\MiKTeX\tex\generic\pgf\math\pgfmathfloat.code.tex
"
\c@pgfmathroundto@lastzeros=\count103
))
("D:\Program Files (x86)\CTEX\MiKTeX\tex\generic\pgf\basiclayer\pgfcorepoints.c
ode.tex"
File: pgfcorepoints.code.tex 2010/04/09  (rcs-revision 1.20)
\pgf@picminx=\dimen118
\pgf@picmaxx=\dimen119
\pgf@picminy=\dimen120
\pgf@picmaxy=\dimen121
\pgf@pathminx=\dimen122
\pgf@pathmaxx=\dimen123
\pgf@pathminy=\dimen124
\pgf@pathmaxy=\dimen125
\pgf@xx=\dimen126
\pgf@xy=\dimen127
\pgf@yx=\dimen128
\pgf@yy=\dimen129
\pgf@zx=\dimen130
\pgf@zy=\dimen131
)
("D:\Program Files (x86)\CTEX\MiKTeX\tex\generic\pgf\basiclayer\pgfcorepathcons
truct.code.tex"
File: pgfcorepathconstruct.code.tex 2010/08/03  (rcs-revision 1.24)
\pgf@path@lastx=\dimen132
\pgf@path@lasty=\dimen133
)
("D:\Program Files (x86)\CTEX\MiKTeX\tex\generic\pgf\basiclayer\pgfcorepathusag
e.code.tex"
File: pgfcorepathusage.code.tex 2008/04/22  (rcs-revision 1.12)
\pgf@shorten@end@additional=\dimen134
\pgf@shorten@start@additional=\dimen135
)
("D:\Program Files (x86)\CTEX\MiKTeX\tex\generic\pgf\basiclayer\pgfcorescopes.c
ode.tex"
File: pgfcorescopes.code.tex 2010/09/08  (rcs-revision 1.34)
\pgfpic=\box31
\pgf@hbox=\box32
\pgf@layerbox@main=\box33
\pgf@picture@serial@count=\count104
)
("D:\Program Files (x86)\CTEX\MiKTeX\tex\generic\pgf\basiclayer\pgfcoregraphics
tate.code.tex"
File: pgfcoregraphicstate.code.tex 2008/04/22  (rcs-revision 1.9)
\pgflinewidth=\dimen136
)
("D:\Program Files (x86)\CTEX\MiKTeX\tex\generic\pgf\basiclayer\pgfcoretransfor
mations.code.tex"
File: pgfcoretransformations.code.tex 2009/06/10  (rcs-revision 1.11)
\pgf@pt@x=\dimen137
\pgf@pt@y=\dimen138
\pgf@pt@temp=\dimen139
)
("D:\Program Files (x86)\CTEX\MiKTeX\tex\generic\pgf\basiclayer\pgfcorequick.co
de.tex"
File: pgfcorequick.code.tex 2008/10/09  (rcs-revision 1.3)
)
("D:\Program Files (x86)\CTEX\MiKTeX\tex\generic\pgf\basiclayer\pgfcoreobjects.
code.tex"
File: pgfcoreobjects.code.tex 2006/10/11  (rcs-revision 1.2)
)
("D:\Program Files (x86)\CTEX\MiKTeX\tex\generic\pgf\basiclayer\pgfcorepathproc
essing.code.tex"
File: pgfcorepathprocessing.code.tex 2008/10/09  (rcs-revision 1.8)
)
("D:\Program Files (x86)\CTEX\MiKTeX\tex\generic\pgf\basiclayer\pgfcorearrows.c
ode.tex"
File: pgfcorearrows.code.tex 2008/04/23  (rcs-revision 1.11)
)
("D:\Program Files (x86)\CTEX\MiKTeX\tex\generic\pgf\basiclayer\pgfcoreshade.co
de.tex"
File: pgfcoreshade.code.tex 2008/11/23  (rcs-revision 1.13)
\pgf@max=\dimen140
\pgf@sys@shading@range@num=\count105
)
("D:\Program Files (x86)\CTEX\MiKTeX\tex\generic\pgf\basiclayer\pgfcoreimage.co
de.tex"
File: pgfcoreimage.code.tex 2010/03/25  (rcs-revision 1.16)

("D:\Program Files (x86)\CTEX\MiKTeX\tex\generic\pgf\basiclayer\pgfcoreexternal
.code.tex"
File: pgfcoreexternal.code.tex 2010/09/01  (rcs-revision 1.17)
\pgfexternal@startupbox=\box34
))
("D:\Program Files (x86)\CTEX\MiKTeX\tex\generic\pgf\basiclayer\pgfcorelayers.c
ode.tex"
File: pgfcorelayers.code.tex 2010/08/27  (rcs-revision 1.2)
)
("D:\Program Files (x86)\CTEX\MiKTeX\tex\generic\pgf\basiclayer\pgfcoretranspar
ency.code.tex"
File: pgfcoretransparency.code.tex 2008/01/17  (rcs-revision 1.2)
)
("D:\Program Files (x86)\CTEX\MiKTeX\tex\generic\pgf\basiclayer\pgfcorepatterns
.code.tex"
File: pgfcorepatterns.code.tex 2009/07/02  (rcs-revision 1.3)
)))
("D:\Program Files (x86)\CTEX\MiKTeX\tex\generic\pgf\modules\pgfmoduleshapes.co
de.tex"
File: pgfmoduleshapes.code.tex 2010/09/09  (rcs-revision 1.13)
\pgfnodeparttextbox=\box35
)
("D:\Program Files (x86)\CTEX\MiKTeX\tex\generic\pgf\modules\pgfmoduleplot.code
.tex"
File: pgfmoduleplot.code.tex 2010/10/22  (rcs-revision 1.8)
)
("D:\Program Files (x86)\CTEX\MiKTeX\tex\latex\pgf\compatibility\pgfcomp-versio
n-0-65.sty"
Package: pgfcomp-version-0-65 2007/07/03 v2.10 (rcs-revision 1.7)
\pgf@nodesepstart=\dimen141
\pgf@nodesepend=\dimen142
)
("D:\Program Files (x86)\CTEX\MiKTeX\tex\latex\pgf\compatibility\pgfcomp-versio
n-1-18.sty"
Package: pgfcomp-version-1-18 2007/07/23 v2.10 (rcs-revision 1.1)
))
("D:\Program Files (x86)\CTEX\MiKTeX\tex\latex\pgf\utilities\pgffor.sty"
("D:\Program Files (x86)\CTEX\MiKTeX\tex\latex\pgf\utilities\pgfkeys.sty"
("D:\Program Files (x86)\CTEX\MiKTeX\tex\generic\pgf\utilities\pgfkeys.code.tex
"))
("D:\Program Files (x86)\CTEX\MiKTeX\tex\generic\pgf\utilities\pgffor.code.tex"
Package: pgffor 2010/03/23 v2.10 (rcs-revision 1.18)
\pgffor@iter=\dimen143
\pgffor@skip=\dimen144
\pgffor@stack=\toks26
\pgffor@toks=\toks27
))
("D:\Program Files (x86)\CTEX\MiKTeX\tex\generic\pgf\frontendlayer\tikz\tikz.co
de.tex"
Package: tikz 2010/10/13 v2.10 (rcs-revision 1.76)

("D:\Program Files (x86)\CTEX\MiKTeX\tex\generic\pgf\libraries\pgflibraryplotha
ndlers.code.tex"
File: pgflibraryplothandlers.code.tex 2010/05/31 v2.10 (rcs-revision 1.15)
\pgf@plot@mark@count=\count106
\pgfplotmarksize=\dimen145
)
\tikz@lastx=\dimen146
\tikz@lasty=\dimen147
\tikz@lastxsaved=\dimen148
\tikz@lastysaved=\dimen149
\tikzleveldistance=\dimen150
\tikzsiblingdistance=\dimen151
\tikz@figbox=\box36
\tikz@tempbox=\box37
\tikztreelevel=\count107
\tikznumberofchildren=\count108
\tikznumberofcurrentchild=\count109
\tikz@fig@count=\count110

("D:\Program Files (x86)\CTEX\MiKTeX\tex\generic\pgf\modules\pgfmodulematrix.co
de.tex"
File: pgfmodulematrix.code.tex 2010/08/24  (rcs-revision 1.4)
\pgfmatrixcurrentrow=\count111
\pgfmatrixcurrentcolumn=\count112
\pgf@matrix@numberofcolumns=\count113
)
\tikz@expandcount=\count114

("D:\Program Files (x86)\CTEX\MiKTeX\tex\generic\pgf\frontendlayer\tikz\librari
es\tikzlibrarytopaths.code.tex"
File: tikzlibrarytopaths.code.tex 2008/06/17 v2.10 (rcs-revision 1.2)
)))
("D:\Program Files (x86)\CTEX\MiKTeX\tex\latex\tools\indentfirst.sty"
Package: indentfirst 1995/11/23 v1.03 Indent first paragraph (DPC)
)
("D:\Program Files (x86)\CTEX\MiKTeX\tex\latex\fancyhdr\fancyhdr.sty"
\fancy@headwidth=\skip43
\f@ncyO@elh=\skip44
\f@ncyO@erh=\skip45
\f@ncyO@olh=\skip46
\f@ncyO@orh=\skip47
\f@ncyO@elf=\skip48
\f@ncyO@erf=\skip49
\f@ncyO@olf=\skip50
\f@ncyO@orf=\skip51
)
("D:\Program Files (x86)\CTEX\MiKTeX\tex\latex\hyphenat\hyphenat.sty"
Package: hyphenat 2009/09/02 v2.3c hyphenation utilities
\langwohyphens=\language1
LaTeX Info: Redefining \_ on input line 43.
)
("D:\Program Files (x86)\CTEX\MiKTeX\tex\latex\ams\math\amsmath.sty"
Package: amsmath 2000/07/18 v2.13 AMS math features
\@mathmargin=\skip52

For additional information on amsmath, use the `?' option.
("D:\Program Files (x86)\CTEX\MiKTeX\tex\latex\ams\math\amstext.sty"
Package: amstext 2000/06/29 v2.01

("D:\Program Files (x86)\CTEX\MiKTeX\tex\latex\ams\math\amsgen.sty"
File: amsgen.sty 1999/11/30 v2.0
\@emptytoks=\toks28
\ex@=\dimen152
))
("D:\Program Files (x86)\CTEX\MiKTeX\tex\latex\ams\math\amsbsy.sty"
Package: amsbsy 1999/11/29 v1.2d
\pmbraise@=\dimen153
)
("D:\Program Files (x86)\CTEX\MiKTeX\tex\latex\ams\math\amsopn.sty"
Package: amsopn 1999/12/14 v2.01 operator names
)
\inf@bad=\count115
LaTeX Info: Redefining \frac on input line 211.
\uproot@=\count116
\leftroot@=\count117
LaTeX Info: Redefining \overline on input line 307.
\classnum@=\count118
\DOTSCASE@=\count119
LaTeX Info: Redefining \ldots on input line 379.
LaTeX Info: Redefining \dots on input line 382.
LaTeX Info: Redefining \cdots on input line 467.
\Mathstrutbox@=\box38
\strutbox@=\box39
\big@size=\dimen154
LaTeX Font Info:    Redeclaring font encoding OML on input line 567.
LaTeX Font Info:    Redeclaring font encoding OMS on input line 568.
\macc@depth=\count120
\c@MaxMatrixCols=\count121
\dotsspace@=\muskip10
\c@parentequation=\count122
\dspbrk@lvl=\count123
\tag@help=\toks29
\row@=\count124
\column@=\count125
\maxfields@=\count126
\andhelp@=\toks30
\eqnshift@=\dimen155
\alignsep@=\dimen156
\tagshift@=\dimen157
\tagwidth@=\dimen158
\totwidth@=\dimen159
\lineht@=\dimen160
\@envbody=\toks31
\multlinegap=\skip53
\multlinetaggap=\skip54
\mathdisplay@stack=\toks32
LaTeX Info: Redefining \[ on input line 2666.
LaTeX Info: Redefining \] on input line 2667.
)
("D:\Program Files (x86)\CTEX\MiKTeX\tex\latex\tools\multicol.sty"
Package: multicol 2011/06/27 v1.7a multicolumn formatting (FMi)
\c@tracingmulticols=\count127
\mult@box=\box40
\multicol@leftmargin=\dimen161
\c@unbalance=\count128
\c@collectmore=\count129
\doublecol@number=\count130
\multicoltolerance=\count131
\multicolpretolerance=\count132
\full@width=\dimen162
\page@free=\dimen163
\premulticols=\dimen164
\postmulticols=\dimen165
\multicolsep=\skip55
\multicolbaselineskip=\skip56
\partial@page=\box41
\last@line=\box42
\mult@rightbox=\box43
\mult@grightbox=\box44
\mult@gfirstbox=\box45
\mult@firstbox=\box46
\@tempa=\box47
\@tempa=\box48
\@tempa=\box49
\@tempa=\box50
\@tempa=\box51
\@tempa=\box52
\@tempa=\box53
\@tempa=\box54
\@tempa=\box55
\@tempa=\box56
\@tempa=\box57
\@tempa=\box58
\@tempa=\box59
\@tempa=\box60
\@tempa=\box61
\@tempa=\box62
\@tempa=\box63
\c@columnbadness=\count133
\c@finalcolumnbadness=\count134
\last@try=\dimen166
\multicolovershoot=\dimen167
\multicolundershoot=\dimen168
\mult@nat@firstbox=\box64
\colbreak@box=\box65
\multicol@sort@counter=\count135
)
("D:\Program Files (x86)\CTEX\MiKTeX\tex\latex\preprint\balance.sty"
Package: balance 1999/02/23 4.3 (PWD)
\oldvsize=\dimen169
)
("D:\Program Files (x86)\CTEX\MiKTeX\tex\latex\subfigure\subfigure.sty"
Package: subfigure 2002/07/30 v2.1.4 subfigure package
\subfigtopskip=\skip57
\subfigcapskip=\skip58
\subfigcaptopadj=\dimen170
\subfigbottomskip=\skip59
\subfigcapmargin=\dimen171
\subfiglabelskip=\skip60
\c@subfigure=\count136
\c@lofdepth=\count137
\c@subtable=\count138
\c@lotdepth=\count139

****************************************
* Local config file subfigure.cfg used *
****************************************
("D:\Program Files (x86)\CTEX\MiKTeX\tex\latex\subfigure\subfigure.cfg")
\subfig@top=\skip61
\subfig@bottom=\skip62
)
("D:\Program Files (x86)\CTEX\MiKTeX\tex\latex\booktabs\booktabs.sty"
Package: booktabs 2005/04/14 v1.61803 publication quality tables
\heavyrulewidth=\dimen172
\lightrulewidth=\dimen173
\cmidrulewidth=\dimen174
\belowrulesep=\dimen175
\belowbottomsep=\dimen176
\aboverulesep=\dimen177
\abovetopsep=\dimen178
\cmidrulesep=\dimen179
\cmidrulekern=\dimen180
\defaultaddspace=\dimen181
\@cmidla=\count140
\@cmidlb=\count141
\@aboverulesep=\dimen182
\@belowrulesep=\dimen183
\@thisruleclass=\count142
\@lastruleclass=\count143
\@thisrulewidth=\dimen184
)
("D:\Program Files (x86)\CTEX\MiKTeX\tex\latex\algorithms\algorithm.sty"
Package: algorithm 2009/08/24 v0.1 Document Style `algorithm' - floating enviro
nment

("D:\Program Files (x86)\CTEX\MiKTeX\tex\latex\float\float.sty"
Package: float 2001/11/08 v1.3d Float enhancements (AL)
\c@float@type=\count144
\float@exts=\toks33
\float@box=\box66
\@float@everytoks=\toks34
\@floatcapt=\box67
)
("D:\Program Files (x86)\CTEX\MiKTeX\tex\latex\base\ifthen.sty"
Package: ifthen 2001/05/26 v1.1c Standard LaTeX ifthen package (DPC)
)
\@float@every@algorithm=\toks35
\c@algorithm=\count145
)
("D:\Program Files (x86)\CTEX\MiKTeX\tex\latex\algorithmicx\algpseudocode.sty"
Package: algpseudocode 

("D:\Program Files (x86)\CTEX\MiKTeX\tex\latex\algorithmicx\algorithmicx.sty"
Package: algorithmicx 2005/04/27 v1.2 Algorithmicx

Document Style algorithmicx 1.2 - a greatly improved `algorithmic' style
\c@ALG@line=\count146
\c@ALG@rem=\count147
\c@ALG@nested=\count148
\ALG@tlm=\skip63
\ALG@thistlm=\skip64
\c@ALG@Lnr=\count149
\c@ALG@blocknr=\count150
\c@ALG@storecount=\count151
\c@ALG@tmpcounter=\count152
\ALG@tmplength=\skip65
)
Document Style - pseudocode environments for use with the `algorithmicx' style
) ("D:\Program Files (x86)\CTEX\MiKTeX\tex\latex\geometry\geometry.sty"
Package: geometry 2010/09/12 v5.6 Page Geometry

("D:\Program Files (x86)\CTEX\MiKTeX\tex\generic\oberdiek\ifvtex.sty"
Package: ifvtex 2010/03/01 v1.5 Switches for detecting VTeX and its modes (HO)
Package ifvtex Info: VTeX not detected.
)
("D:\Program Files (x86)\CTEX\MiKTeX\tex\generic\ifxetex\ifxetex.sty"
Package: ifxetex 2010/09/12 v0.6 Provides ifxetex conditional
)
\Gm@cnth=\count153
\Gm@cntv=\count154
\c@Gm@tempcnt=\count155
\Gm@bindingoffset=\dimen185
\Gm@wd@mp=\dimen186
\Gm@odd@mp=\dimen187
\Gm@even@mp=\dimen188
\Gm@layoutwidth=\dimen189
\Gm@layoutheight=\dimen190
\Gm@layouthoffset=\dimen191
\Gm@layoutvoffset=\dimen192
\Gm@dimlist=\toks36

("D:\Program Files (x86)\CTEX\MiKTeX\tex\latex\geometry\geometry.cfg"))
("D:\Program Files (x86)\CTEX\MiKTeX\tex\latex\hyperref\hyperref.sty"
Package: hyperref 2012/02/06 v6.82o Hypertext links for LaTeX

("D:\Program Files (x86)\CTEX\MiKTeX\tex\generic\oberdiek\hobsub-hyperref.sty"
Package: hobsub-hyperref 2011/04/23 v1.4 Bundle oberdiek, subset hyperref (HO)

("D:\Program Files (x86)\CTEX\MiKTeX\tex\generic\oberdiek\hobsub-generic.sty"
Package: hobsub-generic 2011/04/23 v1.4 Bundle oberdiek, subset generic (HO)
Package: hobsub 2011/04/23 v1.4 Subsetting bundle oberdiek (HO)
Package: infwarerr 2010/04/08 v1.3 Providing info/warning/message (HO)
Package: ltxcmds 2011/04/18 v1.20 LaTeX kernel commands for general use (HO)
Package: ifluatex 2010/03/01 v1.3 Provides the ifluatex switch (HO)
Package ifluatex Info: LuaTeX not detected.
Package hobsub Info: Skipping package `ifvtex' (already loaded).
Package: intcalc 2007/09/27 v1.1 Expandable integer calculations (HO)
Package hobsub Info: Skipping package `ifpdf' (already loaded).
Package: etexcmds 2011/02/16 v1.5 Prefix for e-TeX command names (HO)
Package etexcmds Info: Could not find \expanded.
(etexcmds)             That can mean that you are not using pdfTeX 1.50 or
(etexcmds)             that some package has redefined \expanded.
(etexcmds)             In the latter case, load this package earlier.
Package: kvsetkeys 2011/04/07 v1.13 Key value parser (HO)
Package: kvdefinekeys 2011/04/07 v1.3 Defining keys (HO)
Package: pdftexcmds 2011/04/22 v0.16 Utilities of pdfTeX for LuaTeX (HO)
Package pdftexcmds Info: LuaTeX not detected.
Package pdftexcmds Info: \pdf@primitive is available.
Package pdftexcmds Info: \pdf@ifprimitive is available.
Package pdftexcmds Info: \pdfdraftmode is ignored in DVI mode.
Package: pdfescape 2011/04/04 v1.12 Provides string conversions (HO)
Package: bigintcalc 2011/01/30 v1.2 Expandable big integer calculations (HO)
Package: bitset 2011/01/30 v1.1 Data type bit set (HO)
Package: uniquecounter 2011/01/30 v1.2 Provides unlimited unique counter (HO)
)
Package hobsub Info: Skipping package `hobsub' (already loaded).
Package: letltxmacro 2010/09/02 v1.4 Let assignment for LaTeX macros (HO)
Package: hopatch 2011/01/30 v1.0 Wrapper for package hooks (HO)
Package: xcolor-patch 2011/01/30 xcolor patch
Package: atveryend 2011/04/23 v1.7 Hooks at very end of document (HO)
Package: atbegshi 2011/01/30 v1.15 At begin shipout hook (HO)
Package: refcount 2010/12/01 v3.2 Data extraction from references (HO)
Package: hycolor 2011/01/30 v1.7 Color options of hyperref/bookmark (HO)
) ("D:\Program Files (x86)\CTEX\MiKTeX\tex\latex\oberdiek\kvoptions.sty"
Package: kvoptions 2010/12/23 v3.10 Keyval support for LaTeX options (HO)
)
\@linkdim=\dimen193
\Hy@linkcounter=\count156
\Hy@pagecounter=\count157

("D:\Program Files (x86)\CTEX\MiKTeX\tex\latex\hyperref\pd1enc.def"
File: pd1enc.def 2012/02/06 v6.82o Hyperref: PDFDocEncoding definition (HO)
Now handling font encoding PD1 ...
... no UTF-8 mapping file for font encoding PD1
)
\Hy@SavedSpaceFactor=\count158

("D:\Program Files (x86)\CTEX\MiKTeX\tex\latex\00miktex\hyperref.cfg"
File: hyperref.cfg 2002/06/06 v1.2 hyperref configuration of TeXLive
)
Package hyperref Info: Option `unicode' set `true' on input line 3925.

("D:\Program Files (x86)\CTEX\MiKTeX\tex\latex\hyperref\puenc.def"
File: puenc.def 2012/02/06 v6.82o Hyperref: PDF Unicode definition (HO)
Now handling font encoding PU ...
... no UTF-8 mapping file for font encoding PU
)
Package hyperref Info: Option `colorlinks' set `true' on input line 3925.
Package hyperref Info: Hyper figures OFF on input line 4046.
Package hyperref Info: Link nesting OFF on input line 4051.
Package hyperref Info: Hyper index ON on input line 4054.
Package hyperref Info: Plain pages OFF on input line 4061.
Package hyperref Info: Backreferencing OFF on input line 4066.
Package hyperref Info: Implicit mode ON; LaTeX internals redefined.
Package hyperref Info: Bookmarks ON on input line 4284.
\c@Hy@tempcnt=\count159

("D:\Program Files (x86)\CTEX\MiKTeX\tex\latex\ltxmisc\url.sty"
\Urlmuskip=\muskip11
Package: url 2006/04/12  ver 3.3  Verb mode for urls, etc.
)
LaTeX Info: Redefining \url on input line 4637.
\Fld@menulength=\count160
\Field@Width=\dimen194
\Fld@charsize=\dimen195
Package hyperref Info: Hyper figures OFF on input line 5757.
Package hyperref Info: Link nesting OFF on input line 5762.
Package hyperref Info: Hyper index ON on input line 5765.
Package hyperref Info: backreferencing OFF on input line 5772.
Package hyperref Info: Link coloring ON on input line 5775.
Package hyperref Info: Link coloring with OCG OFF on input line 5782.
Package hyperref Info: PDF/A mode OFF on input line 5787.
LaTeX Info: Redefining \ref on input line 5827.
LaTeX Info: Redefining \pageref on input line 5831.
\Hy@abspage=\count161
\c@Item=\count162
\c@Hfootnote=\count163
)

Package hyperref Message: Driver (default): hdvips.

("D:\Program Files (x86)\CTEX\MiKTeX\tex\latex\hyperref\hdvips.def"
File: hdvips.def 2012/02/06 v6.82o Hyperref driver for dvips

("D:\Program Files (x86)\CTEX\MiKTeX\tex\latex\hyperref\pdfmark.def"
File: pdfmark.def 2012/02/06 v6.82o Hyperref definitions for pdfmark specials
\pdf@docset=\toks37
\pdf@box=\box68
\pdf@toks=\toks38
\pdf@defaulttoks=\toks39
\Fld@listcount=\count164
\c@bookmark@seq@number=\count165

("D:\Program Files (x86)\CTEX\MiKTeX\tex\latex\oberdiek\rerunfilecheck.sty"
Package: rerunfilecheck 2011/04/15 v1.7 Rerun checks for auxiliary files (HO)
Package uniquecounter Info: New unique counter `rerunfilecheck' on input line 2
82.
)
\Hy@SectionHShift=\skip66
))
("D:\Program Files (x86)\CTEX\MiKTeX\tex\generic\pgf\frontendlayer\tikz\librari
es\tikzlibraryarrows.code.tex"
File: tikzlibraryarrows.code.tex 2008/01/09 v2.10 (rcs-revision 1.1)

("D:\Program Files (x86)\CTEX\MiKTeX\tex\generic\pgf\libraries\pgflibraryarrows
.code.tex"
File: pgflibraryarrows.code.tex 2008/10/27 v2.10 (rcs-revision 1.9)
\arrowsize=\dimen196
))
("D:\Program Files (x86)\CTEX\MiKTeX\tex\generic\pgf\frontendlayer\tikz\librari
es\tikzlibrarydecorations.pathmorphing.code.tex"
("D:\Program Files (x86)\CTEX\MiKTeX\tex\generic\pgf\frontendlayer\tikz\librari
es\tikzlibrarydecorations.code.tex"
("D:\Program Files (x86)\CTEX\MiKTeX\tex\generic\pgf\modules\pgfmoduledecoratio
ns.code.tex"
\pgfdecoratedcompleteddistance=\dimen197
\pgfdecoratedremainingdistance=\dimen198
\pgfdecoratedinputsegmentcompleteddistance=\dimen199
\pgfdecoratedinputsegmentremainingdistance=\dimen200
\pgf@decorate@distancetomove=\dimen201
\pgf@decorate@repeatstate=\count166
\pgfdecorationsegmentamplitude=\dimen202
\pgfdecorationsegmentlength=\dimen203
)
\tikz@lib@dec@box=\box69
)
("D:\Program Files (x86)\CTEX\MiKTeX\tex\generic\pgf\libraries\decorations\pgfl
ibrarydecorations.pathmorphing.code.tex"))
("D:\Program Files (x86)\CTEX\MiKTeX\tex\generic\pgf\frontendlayer\tikz\librari
es\tikzlibrarybackgrounds.code.tex"
File: tikzlibrarybackgrounds.code.tex 2010/02/08 v2.10 (rcs-revision 1.2)
\pgf@layerbox@background=\box70
\pgf@layerboxsaved@background=\box71
)
("D:\Program Files (x86)\CTEX\MiKTeX\tex\generic\pgf\frontendlayer\tikz\librari
es\tikzlibrarypositioning.code.tex"
File: tikzlibrarypositioning.code.tex 2008/10/06 v2.10 (rcs-revision 1.7)
)
("D:\Program Files (x86)\CTEX\MiKTeX\tex\generic\pgf\frontendlayer\tikz\librari
es\tikzlibraryfit.code.tex"
File: tikzlibraryfit.code.tex 2008/06/21 v2.10 (rcs-revision 1.3)
) (H:\bare_adv\chinese.aux)
LaTeX Font Info:    Checking defaults for OML/cmm/m/it on input line 66.
LaTeX Font Info:    ... okay on input line 66.
LaTeX Font Info:    Checking defaults for T1/cmr/m/n on input line 66.
LaTeX Font Info:    ... okay on input line 66.
LaTeX Font Info:    Checking defaults for OT1/cmr/m/n on input line 66.
LaTeX Font Info:    ... okay on input line 66.
LaTeX Font Info:    Checking defaults for OMS/cmsy/m/n on input line 66.
LaTeX Font Info:    ... okay on input line 66.
LaTeX Font Info:    Checking defaults for OMX/cmex/m/n on input line 66.
LaTeX Font Info:    ... okay on input line 66.
LaTeX Font Info:    Checking defaults for U/cmr/m/n on input line 66.
LaTeX Font Info:    ... okay on input line 66.
LaTeX Font Info:    Checking defaults for C00/song/m/n on input line 66.
LaTeX Font Info:    ... okay on input line 66.
LaTeX Font Info:    Checking defaults for C05/song/m/n on input line 66.
LaTeX Font Info:    ... okay on input line 66.
LaTeX Font Info:    Checking defaults for C09/song/m/n on input line 66.
LaTeX Font Info:    ... okay on input line 66.
LaTeX Font Info:    Checking defaults for C10/song/m/n on input line 66.
LaTeX Font Info:    ... okay on input line 66.
LaTeX Font Info:    Checking defaults for C20/song/m/n on input line 66.
LaTeX Font Info:    ... okay on input line 66.
LaTeX Font Info:    Checking defaults for C19/song/m/n on input line 66.
LaTeX Font Info:    ... okay on input line 66.
LaTeX Font Info:    Checking defaults for C40/song/m/n on input line 66.
LaTeX Font Info:    ... okay on input line 66.
LaTeX Font Info:    Checking defaults for C42/song/m/n on input line 66.
LaTeX Font Info:    ... okay on input line 66.
LaTeX Font Info:    Checking defaults for C43/song/m/n on input line 66.
LaTeX Font Info:    ... okay on input line 66.
LaTeX Font Info:    Checking defaults for C50/song/m/n on input line 66.
LaTeX Font Info:    ... okay on input line 66.
LaTeX Font Info:    Checking defaults for C52/song/m/n on input line 66.
LaTeX Font Info:    ... okay on input line 66.
LaTeX Font Info:    Checking defaults for C49/song/m/n on input line 66.
LaTeX Font Info:    ... okay on input line 66.
LaTeX Font Info:    Checking defaults for C60/mj/m/n on input line 66.
LaTeX Font Info:    ... okay on input line 66.
LaTeX Font Info:    Checking defaults for C61/mj/m/n on input line 66.
LaTeX Font Info:    ... okay on input line 66.
LaTeX Font Info:    Checking defaults for C63/mj/m/n on input line 66.
LaTeX Font Info:    ... okay on input line 66.
LaTeX Font Info:    Checking defaults for C64/mj/m/n on input line 66.
LaTeX Font Info:    ... okay on input line 66.
LaTeX Font Info:    Checking defaults for C65/mj/m/n on input line 66.
LaTeX Font Info:    ... okay on input line 66.
LaTeX Font Info:    Checking defaults for C70/song/m/n on input line 66.
LaTeX Font Info:    ... okay on input line 66.
LaTeX Font Info:    Checking defaults for C31/song/m/n on input line 66.
LaTeX Font Info:    ... okay on input line 66.
LaTeX Font Info:    Checking defaults for C32/song/m/n on input line 66.
LaTeX Font Info:    ... okay on input line 66.
LaTeX Font Info:    Checking defaults for C33/song/m/n on input line 66.
LaTeX Font Info:    ... okay on input line 66.
LaTeX Font Info:    Checking defaults for C34/song/m/n on input line 66.
LaTeX Font Info:    ... okay on input line 66.
LaTeX Font Info:    Checking defaults for C35/song/m/n on input line 66.
LaTeX Font Info:    ... okay on input line 66.
LaTeX Font Info:    Checking defaults for C36/song/m/n on input line 66.
LaTeX Font Info:    ... okay on input line 66.
LaTeX Font Info:    Checking defaults for C37/song/m/n on input line 66.
LaTeX Font Info:    ... okay on input line 66.
LaTeX Font Info:    Checking defaults for C80/song/m/n on input line 66.
LaTeX Font Info:    ... okay on input line 66.
LaTeX Font Info:    Checking defaults for C81/song/m/n on input line 66.
LaTeX Font Info:    ... okay on input line 66.
LaTeX Font Info:    Checking defaults for C01/song/m/n on input line 66.
LaTeX Font Info:    ... okay on input line 66.
LaTeX Font Info:    Checking defaults for C11/song/m/n on input line 66.
LaTeX Font Info:    ... okay on input line 66.
LaTeX Font Info:    Checking defaults for C21/song/m/n on input line 66.
LaTeX Font Info:    ... okay on input line 66.
LaTeX Font Info:    Checking defaults for C41/song/m/n on input line 66.
LaTeX Font Info:    ... okay on input line 66.
LaTeX Font Info:    Checking defaults for C62/song/m/n on input line 66.
LaTeX Font Info:    ... okay on input line 66.
LaTeX Font Info:    Checking defaults for PD1/pdf/m/n on input line 66.
LaTeX Font Info:    ... okay on input line 66.
LaTeX Font Info:    Checking defaults for PU/pdf/m/n on input line 66.
LaTeX Font Info:    ... okay on input li